0 info it worked if it ends with ok
1 verbose cli [ '/Users/farzanarassul/.nvm/versions/node/v6.6.0/bin/node',
1 verbose cli   '/Users/farzanarassul/.nvm/versions/node/v6.6.0/bin/npm',
1 verbose cli   'restart' ]
2 info using npm@4.1.1
3 info using node@v6.6.0
4 verbose run-script [ 'prerestart',
4 verbose run-script   'prestop',
4 verbose run-script   'stop',
4 verbose run-script   'poststop',
4 verbose run-script   'restart',
4 verbose run-script   'prestart',
4 verbose run-script   'start',
4 verbose run-script   'poststart',
4 verbose run-script   'postrestart' ]
5 info lifecycle flapper-news@0.0.0~prerestart: flapper-news@0.0.0
6 silly lifecycle flapper-news@0.0.0~prerestart: no script for prerestart, continuing
7 info lifecycle flapper-news@0.0.0~prestop: flapper-news@0.0.0
8 silly lifecycle flapper-news@0.0.0~prestop: no script for prestop, continuing
9 info lifecycle flapper-news@0.0.0~stop: flapper-news@0.0.0
10 silly lifecycle flapper-news@0.0.0~stop: no script for stop, continuing
11 info lifecycle flapper-news@0.0.0~poststop: flapper-news@0.0.0
12 silly lifecycle flapper-news@0.0.0~poststop: no script for poststop, continuing
13 info lifecycle flapper-news@0.0.0~restart: flapper-news@0.0.0
14 silly lifecycle flapper-news@0.0.0~restart: no script for restart, continuing
15 info lifecycle flapper-news@0.0.0~prestart: flapper-news@0.0.0
16 silly lifecycle flapper-news@0.0.0~prestart: no script for prestart, continuing
17 info lifecycle flapper-news@0.0.0~start: flapper-news@0.0.0
18 verbose lifecycle flapper-news@0.0.0~start: unsafe-perm in lifecycle true
19 verbose lifecycle flapper-news@0.0.0~start: PATH: /Users/farzanarassul/.nvm/versions/node/v6.6.0/lib/node_modules/npm/bin/node-gyp-bin:/Users/farzanarassul/Projects/mean-tutorial/FlapperNews/flapper-news/node_modules/.bin:/Users/farzanarassul/.nvm/versions/node/v6.6.0/bin:/usr/local/bin:/usr/bin:/bin:/usr/sbin:/sbin
20 verbose lifecycle flapper-news@0.0.0~start: CWD: /Users/farzanarassul/Projects/mean-tutorial/FlapperNews/flapper-news
21 silly lifecycle flapper-news@0.0.0~start: Args: [ '-c', 'node ./bin/www' ]
22 silly lifecycle flapper-news@0.0.0~start: Returned: code: 1  signal: null
23 info lifecycle flapper-news@0.0.0~start: Failed to exec start script
24 verbose stack Error: flapper-news@0.0.0 start: `node ./bin/www`
24 verbose stack Exit status 1
24 verbose stack     at EventEmitter.<anonymous> (/Users/farzanarassul/.nvm/versions/node/v6.6.0/lib/node_modules/npm/lib/utils/lifecycle.js:279:16)
24 verbose stack     at emitTwo (events.js:106:13)
24 verbose stack     at EventEmitter.emit (events.js:191:7)
24 verbose stack     at ChildProcess.<anonymous> (/Users/farzanarassul/.nvm/versions/node/v6.6.0/lib/node_modules/npm/lib/utils/spawn.js:40:14)
24 verbose stack     at emitTwo (events.js:106:13)
24 verbose stack     at ChildProcess.emit (events.js:191:7)
24 verbose stack     at maybeClose (internal/child_process.js:877:16)
24 verbose stack     at Process.ChildProcess._handle.onexit (internal/child_process.js:226:5)
25 verbose pkgid flapper-news@0.0.0
26 verbose cwd /Users/farzanarassul/Projects/mean-tutorial/FlapperNews/flapper-news/views
27 error Darwin 16.0.0
28 error argv "/Users/farzanarassul/.nvm/versions/node/v6.6.0/bin/node" "/Users/farzanarassul/.nvm/versions/node/v6.6.0/bin/npm" "restart"
29 error node v6.6.0
30 error npm  v4.1.1
31 error code ELIFECYCLE
32 error flapper-news@0.0.0 start: `node ./bin/www`
32 error Exit status 1
33 error Failed at the flapper-news@0.0.0 start script 'node ./bin/www'.
33 error Make sure you have the latest version of node.js and npm installed.
33 error If you do, this is most likely a problem with the flapper-news package,
33 error not with npm itself.
33 error Tell the author that this fails on your system:
33 error     node ./bin/www
33 error You can get information on how to open an issue for this project with:
33 error     npm bugs flapper-news
33 error Or if that isn't available, you can get their info via:
33 error     npm owner ls flapper-news
33 error There is likely additional logging output above.
34 verbose exit [ 1, true ]
